# JRE version: OpenJDK Runtime Environment (21.0.6) (build 21.0.6+-13368085-b895.109)
# Java VM: OpenJDK 64-Bit Server VM (21.0.6+-13368085-b895.109, mixed mode, tiered, compressed oops, compressed class ptrs, g1 gc, windows-amd64)
GC Precious Log:
 CardTable entry size: 512
 Card Set container configuration: InlinePtr #cards 5 size 8 Array Of Cards #cards 12 size 40 Howl #buckets 4 coarsen threshold 1843 Howl Bitmap #cards 512 size 80 coarsen threshold 460 Card regions per heap region 1 cards per card region 2048
 CPUs: 4 total, 4 available
 Memory: 16326M
 Large Page Support: Disabled
 NUMA Support: Disabled
 Compressed Oops: Enabled (32-bit)
 Heap Region Size: 1M
 Heap Min Capacity: 8M
 Heap Initial Capacity: 256M
 Heap Max Capacity: 2G
 Pre-touch: Disabled
 Parallel Workers: 4
 Concurrent Workers: 1
 Concurrent Refinement Workers: 4
 Periodic GC: Disabled
Heap:
 garbage-first heap   total 68608K, used 35065K [0x0000000080000000, 0x0000000100000000)
  region size 1024K, 12 young (12288K), 4 survivors (4096K)
 Metaspace       used 42540K, committed 43456K, reserved 1114112K
  class space    used 5579K, committed 6016K, reserved 1048576K
GC Heap History (16 events):
Event: 0.334 GC heap before
{Heap before GC invocations=0 (full 0):
 garbage-first heap   total 262144K, used 13312K [0x0000000080000000, 0x0000000100000000)
  region size 1024K, 13 young (13312K), 0 survivors (0K)
 Metaspace       used 7380K, committed 7488K, reserved 1114112K
  class space    used 666K, committed 704K, reserved 1048576K
}
Event: 0.336 GC heap after
{Heap after GC invocations=1 (full 0):
 garbage-first heap   total 262144K, used 1280K [0x0000000080000000, 0x0000000100000000)
  region size 1024K, 2 young (2048K), 2 survivors (2048K)
 Metaspace       used 7380K, committed 7488K, reserved 1114112K
  class space    used 666K, committed 704K, reserved 1048576K
}
Event: 0.741 GC heap before
{Heap before GC invocations=1 (full 0):
 garbage-first heap   total 262144K, used 29952K [0x0000000080000000, 0x0000000100000000)
  region size 1024K, 28 young (28672K), 2 survivors (2048K)
 Metaspace       used 11161K, committed 11328K, reserved 1114112K
  class space    used 1164K, committed 1280K, reserved 1048576K
}
Event: 0.745 GC heap after
{Heap after GC invocations=2 (full 0):
 garbage-first heap   total 262144K, used 10075K [0x0000000080000000, 0x0000000100000000)
  region size 1024K, 4 young (4096K), 4 survivors (4096K)
 Metaspace       used 11161K, committed 11328K, reserved 1114112K
  class space    used 1164K, committed 1280K, reserved 1048576K
}
Event: 2.347 GC heap before
{Heap before GC invocations=2 (full 0):
 garbage-first heap   total 262144K, used 103259K [0x0000000080000000, 0x0000000100000000)
  region size 1024K, 94 young (96256K), 4 survivors (4096K)
 Metaspace       used 21135K, committed 21504K, reserved 1114112K
  class space    used 2426K, committed 2624K, reserved 1048576K
}
Event: 2.354 GC heap after
{Heap after GC invocations=3 (full 0):
 garbage-first heap   total 262144K, used 19908K [0x0000000080000000, 0x0000000100000000)
  region size 1024K, 13 young (13312K), 13 survivors (13312K)
 Metaspace       used 21135K, committed 21504K, reserved 1114112K
  class space    used 2426K, committed 2624K, reserved 1048576K
}
Event: 3.085 GC heap before
{Heap before GC invocations=4 (full 0):
 garbage-first heap   total 68608K, used 47556K [0x0000000080000000, 0x0000000100000000)
  region size 1024K, 40 young (40960K), 13 survivors (13312K)
 Metaspace       used 26181K, committed 26624K, reserved 1114112K
  class space    used 3178K, committed 3392K, reserved 1048576K
}
Event: 3.099 GC heap after
{Heap after GC invocations=5 (full 0):
 garbage-first heap   total 68608K, used 21934K [0x0000000080000000, 0x0000000100000000)
  region size 1024K, 2 young (2048K), 2 survivors (2048K)
 Metaspace       used 26181K, committed 26624K, reserved 1114112K
  class space    used 3178K, committed 3392K, reserved 1048576K
}
Event: 3.699 GC heap before
{Heap before GC invocations=5 (full 0):
 garbage-first heap   total 68608K, used 53678K [0x0000000080000000, 0x0000000100000000)
  region size 1024K, 33 young (33792K), 2 survivors (2048K)
 Metaspace       used 30617K, committed 31296K, reserved 1114112K
  class space    used 3950K, committed 4288K, reserved 1048576K
}
Event: 3.702 GC heap after
{Heap after GC invocations=6 (full 0):
 garbage-first heap   total 68608K, used 24448K [0x0000000080000000, 0x0000000100000000)
  region size 1024K, 4 young (4096K), 4 survivors (4096K)
 Metaspace       used 30617K, committed 31296K, reserved 1114112K
  class space    used 3950K, committed 4288K, reserved 1048576K
}
Event: 4.159 GC heap before
{Heap before GC invocations=6 (full 0):
 garbage-first heap   total 68608K, used 55168K [0x0000000080000000, 0x0000000100000000)
  region size 1024K, 34 young (34816K), 4 survivors (4096K)
 Metaspace       used 34632K, committed 35520K, reserved 1114112K
  class space    used 4651K, committed 5120K, reserved 1048576K
}
Event: 4.162 GC heap after
{Heap after GC invocations=7 (full 0):
 garbage-first heap   total 68608K, used 26870K [0x0000000080000000, 0x0000000100000000)
  region size 1024K, 5 young (5120K), 5 survivors (5120K)
 Metaspace       used 34632K, committed 35520K, reserved 1114112K
  class space    used 4651K, committed 5120K, reserved 1048576K
}
Event: 4.185 GC heap before
{Heap before GC invocations=7 (full 0):
 garbage-first heap   total 68608K, used 30966K [0x0000000080000000, 0x0000000100000000)
  region size 1024K, 8 young (8192K), 5 survivors (5120K)
 Metaspace       used 35238K, committed 36096K, reserved 1114112K
  class space    used 4665K, committed 5120K, reserved 1048576K
}
Event: 4.188 GC heap after
{Heap after GC invocations=8 (full 0):
 garbage-first heap   total 68608K, used 27839K [0x0000000080000000, 0x0000000100000000)
  region size 1024K, 3 young (3072K), 3 survivors (3072K)
 Metaspace       used 35238K, committed 36096K, reserved 1114112K
  class space    used 4665K, committed 5120K, reserved 1048576K
}
Event: 4.880 GC heap before
{Heap before GC invocations=9 (full 0):
 garbage-first heap   total 68608K, used 58559K [0x0000000080000000, 0x0000000100000000)
  region size 1024K, 34 young (34816K), 3 survivors (3072K)
 Metaspace       used 41272K, committed 42240K, reserved 1114112K
  class space    used 5375K, committed 5824K, reserved 1048576K
}
Event: 4.884 GC heap after
{Heap after GC invocations=10 (full 0):
 garbage-first heap   total 68608K, used 27897K [0x0000000080000000, 0x0000000100000000)
  region size 1024K, 4 young (4096K), 4 survivors (4096K)
 Metaspace       used 41272K, committed 42240K, reserved 1114112K
  class space    used 5375K, committed 5824K, reserved 1048576K
}

